{"/Users/remipierron/Library/CloudStorage/OneDrive-UniversitédePoitiers/S5/dev-web-vcod/nodeExo/src/App.jsx": {"path":"/Users/remipierron/Library/CloudStorage/OneDrive-UniversitédePoitiers/S5/dev-web-vcod/nodeExo/src/App.jsx","statementMap":{"0":{"start":{"line":13,"column":18},"end":{"line":13,"column":41}},"1":{"start":{"line":15,"column":2},"end":{"line":41,"column":4}}},"fnMap":{"0":{"name":"App","decl":{"start":{"line":12,"column":9},"end":{"line":12,"column":12}},"loc":{"start":{"line":12,"column":15},"end":{"line":42,"column":1}},"line":12}},"branchMap":{"0":{"loc":{"start":{"line":13,"column":18},"end":{"line":13,"column":41}},"type":"binary-expr","locations":[{"start":{"line":13,"column":18},"end":{"line":13,"column":30}},{"start":{"line":13,"column":34},"end":{"line":13,"column":41}}],"line":13}},"s":{"0":0,"1":0},"f":{"0":0},"b":{"0":[0,0]}}
,"/Users/remipierron/Library/CloudStorage/OneDrive-UniversitédePoitiers/S5/dev-web-vcod/nodeExo/src/Layout.jsx": {"path":"/Users/remipierron/Library/CloudStorage/OneDrive-UniversitédePoitiers/S5/dev-web-vcod/nodeExo/src/Layout.jsx","statementMap":{"0":{"start":{"line":4,"column":15},"end":{"line":23,"column":1}},"1":{"start":{"line":5,"column":2},"end":{"line":22,"column":4}}},"fnMap":{"0":{"name":"(anonymous_0)","decl":{"start":{"line":4,"column":15},"end":{"line":4,"column":16}},"loc":{"start":{"line":4,"column":21},"end":{"line":23,"column":1}},"line":4}},"branchMap":{},"s":{"0":0,"1":0},"f":{"0":0},"b":{}}
,"/Users/remipierron/Library/CloudStorage/OneDrive-UniversitédePoitiers/S5/dev-web-vcod/nodeExo/src/main.jsx": {"path":"/Users/remipierron/Library/CloudStorage/OneDrive-UniversitédePoitiers/S5/dev-web-vcod/nodeExo/src/main.jsx","statementMap":{"0":{"start":{"line":6,"column":0},"end":{"line":10,"column":1}}},"fnMap":{},"branchMap":{},"s":{"0":0},"f":{},"b":{}}
,"/Users/remipierron/Library/CloudStorage/OneDrive-UniversitédePoitiers/S5/dev-web-vcod/nodeExo/src/routes.js": {"path":"/Users/remipierron/Library/CloudStorage/OneDrive-UniversitédePoitiers/S5/dev-web-vcod/nodeExo/src/routes.js","statementMap":{"0":{"start":{"line":7,"column":15},"end":{"line":27,"column":1}}},"fnMap":{},"branchMap":{},"s":{"0":0},"f":{},"b":{}}
,"/Users/remipierron/Library/CloudStorage/OneDrive-UniversitédePoitiers/S5/dev-web-vcod/nodeExo/src/routes.jsx": {"path":"/Users/remipierron/Library/CloudStorage/OneDrive-UniversitédePoitiers/S5/dev-web-vcod/nodeExo/src/routes.jsx","statementMap":{"0":{"start":{"line":8,"column":15},"end":{"line":32,"column":1}}},"fnMap":{},"branchMap":{},"s":{"0":0},"f":{},"b":{}}
,"/Users/remipierron/Library/CloudStorage/OneDrive-UniversitédePoitiers/S5/dev-web-vcod/nodeExo/src/script.js": {"path":"/Users/remipierron/Library/CloudStorage/OneDrive-UniversitédePoitiers/S5/dev-web-vcod/nodeExo/src/script.js","statementMap":{"0":{"start":{"line":2,"column":4},"end":{"line":21,"column":5}},"1":{"start":{"line":3,"column":25},"end":{"line":3,"column":82}},"2":{"start":{"line":4,"column":8},"end":{"line":6,"column":9}},"3":{"start":{"line":5,"column":12},"end":{"line":5,"column":70}},"4":{"start":{"line":7,"column":21},"end":{"line":7,"column":42}},"5":{"start":{"line":10,"column":31},"end":{"line":10,"column":68}},"6":{"start":{"line":11,"column":8},"end":{"line":11,"column":38}},"7":{"start":{"line":14,"column":8},"end":{"line":18,"column":11}},"8":{"start":{"line":15,"column":29},"end":{"line":15,"column":57}},"9":{"start":{"line":16,"column":12},"end":{"line":16,"column":50}},"10":{"start":{"line":17,"column":12},"end":{"line":17,"column":49}},"11":{"start":{"line":20,"column":8},"end":{"line":20,"column":59}},"12":{"start":{"line":25,"column":0},"end":{"line":25,"column":61}}},"fnMap":{"0":{"name":"getCharacters","decl":{"start":{"line":1,"column":15},"end":{"line":1,"column":28}},"loc":{"start":{"line":1,"column":31},"end":{"line":22,"column":1}},"line":1},"1":{"name":"(anonymous_1)","decl":{"start":{"line":14,"column":21},"end":{"line":14,"column":22}},"loc":{"start":{"line":14,"column":34},"end":{"line":18,"column":9}},"line":14}},"branchMap":{"0":{"loc":{"start":{"line":4,"column":8},"end":{"line":6,"column":9}},"type":"if","locations":[{"start":{"line":4,"column":8},"end":{"line":6,"column":9}},{"start":{},"end":{}}],"line":4}},"s":{"0":0,"1":0,"2":0,"3":0,"4":0,"5":0,"6":0,"7":0,"8":0,"9":0,"10":0,"11":0,"12":0},"f":{"0":0,"1":0},"b":{"0":[0,0]}}
,"/Users/remipierron/Library/CloudStorage/OneDrive-UniversitédePoitiers/S5/dev-web-vcod/nodeExo/src/api/characters-api.js": {"path":"/Users/remipierron/Library/CloudStorage/OneDrive-UniversitédePoitiers/S5/dev-web-vcod/nodeExo/src/api/characters-api.js","statementMap":{"0":{"start":{"line":9,"column":29},"end":{"line":11,"column":1}},"1":{"start":{"line":10,"column":2},"end":{"line":10,"column":20}},"2":{"start":{"line":18,"column":32},"end":{"line":24,"column":1}},"3":{"start":{"line":19,"column":20},"end":{"line":19,"column":69}},"4":{"start":{"line":19,"column":49},"end":{"line":19,"column":68}},"5":{"start":{"line":20,"column":2},"end":{"line":22,"column":3}},"6":{"start":{"line":21,"column":4},"end":{"line":21,"column":57}},"7":{"start":{"line":23,"column":2},"end":{"line":23,"column":19}}},"fnMap":{"0":{"name":"(anonymous_0)","decl":{"start":{"line":9,"column":29},"end":{"line":9,"column":30}},"loc":{"start":{"line":9,"column":41},"end":{"line":11,"column":1}},"line":9},"1":{"name":"(anonymous_1)","decl":{"start":{"line":18,"column":32},"end":{"line":18,"column":33}},"loc":{"start":{"line":18,"column":46},"end":{"line":24,"column":1}},"line":18},"2":{"name":"(anonymous_2)","decl":{"start":{"line":19,"column":36},"end":{"line":19,"column":37}},"loc":{"start":{"line":19,"column":49},"end":{"line":19,"column":68}},"line":19}},"branchMap":{"0":{"loc":{"start":{"line":20,"column":2},"end":{"line":22,"column":3}},"type":"if","locations":[{"start":{"line":20,"column":2},"end":{"line":22,"column":3}},{"start":{},"end":{}}],"line":20}},"s":{"0":0,"1":0,"2":0,"3":0,"4":0,"5":0,"6":0,"7":0},"f":{"0":0,"1":0,"2":0},"b":{"0":[0,0]}}
,"/Users/remipierron/Library/CloudStorage/OneDrive-UniversitédePoitiers/S5/dev-web-vcod/nodeExo/src/components/CharacterDetail.jsx": {"path":"/Users/remipierron/Library/CloudStorage/OneDrive-UniversitédePoitiers/S5/dev-web-vcod/nodeExo/src/components/CharacterDetail.jsx","statementMap":{"0":{"start":{"line":4,"column":2},"end":{"line":4,"column":30}},"1":{"start":{"line":4,"column":18},"end":{"line":4,"column":30}},"2":{"start":{"line":10,"column":17},"end":{"line":10,"column":21}},"3":{"start":{"line":11,"column":2},"end":{"line":18,"column":3}},"4":{"start":{"line":12,"column":4},"end":{"line":12,"column":31}},"5":{"start":{"line":13,"column":9},"end":{"line":18,"column":3}},"6":{"start":{"line":14,"column":16},"end":{"line":14,"column":78}},"7":{"start":{"line":15,"column":4},"end":{"line":15,"column":85}},"8":{"start":{"line":16,"column":9},"end":{"line":18,"column":3}},"9":{"start":{"line":17,"column":4},"end":{"line":17,"column":38}},"10":{"start":{"line":20,"column":2},"end":{"line":58,"column":4}},"11":{"start":{"line":44,"column":44},"end":{"line":44,"column":101}},"12":{"start":{"line":53,"column":44},"end":{"line":53,"column":101}}},"fnMap":{"0":{"name":"CharacterDetail","decl":{"start":{"line":3,"column":24},"end":{"line":3,"column":39}},"loc":{"start":{"line":3,"column":55},"end":{"line":59,"column":1}},"line":3},"1":{"name":"(anonymous_1)","decl":{"start":{"line":44,"column":34},"end":{"line":44,"column":35}},"loc":{"start":{"line":44,"column":44},"end":{"line":44,"column":101}},"line":44},"2":{"name":"(anonymous_2)","decl":{"start":{"line":53,"column":34},"end":{"line":53,"column":35}},"loc":{"start":{"line":53,"column":44},"end":{"line":53,"column":101}},"line":53}},"branchMap":{"0":{"loc":{"start":{"line":4,"column":2},"end":{"line":4,"column":30}},"type":"if","locations":[{"start":{"line":4,"column":2},"end":{"line":4,"column":30}},{"start":{},"end":{}}],"line":4},"1":{"loc":{"start":{"line":11,"column":2},"end":{"line":18,"column":3}},"type":"if","locations":[{"start":{"line":11,"column":2},"end":{"line":18,"column":3}},{"start":{"line":13,"column":9},"end":{"line":18,"column":3}}],"line":11},"2":{"loc":{"start":{"line":11,"column":6},"end":{"line":11,"column":60}},"type":"binary-expr","locations":[{"start":{"line":11,"column":6},"end":{"line":11,"column":21}},{"start":{"line":11,"column":25},"end":{"line":11,"column":60}}],"line":11},"3":{"loc":{"start":{"line":13,"column":9},"end":{"line":18,"column":3}},"type":"if","locations":[{"start":{"line":13,"column":9},"end":{"line":18,"column":3}},{"start":{"line":16,"column":9},"end":{"line":18,"column":3}}],"line":13},"4":{"loc":{"start":{"line":13,"column":13},"end":{"line":13,"column":60}},"type":"binary-expr","locations":[{"start":{"line":13,"column":13},"end":{"line":13,"column":32}},{"start":{"line":13,"column":36},"end":{"line":13,"column":60}}],"line":13},"5":{"loc":{"start":{"line":14,"column":16},"end":{"line":14,"column":78}},"type":"binary-expr","locations":[{"start":{"line":14,"column":16},"end":{"line":14,"column":45}},{"start":{"line":14,"column":49},"end":{"line":14,"column":72}},{"start":{"line":14,"column":76},"end":{"line":14,"column":78}}],"line":14},"6":{"loc":{"start":{"line":15,"column":15},"end":{"line":15,"column":84}},"type":"cond-expr","locations":[{"start":{"line":15,"column":21},"end":{"line":15,"column":57}},{"start":{"line":15,"column":60},"end":{"line":15,"column":84}}],"line":15},"7":{"loc":{"start":{"line":16,"column":9},"end":{"line":18,"column":3}},"type":"if","locations":[{"start":{"line":16,"column":9},"end":{"line":18,"column":3}},{"start":{},"end":{}}],"line":16},"8":{"loc":{"start":{"line":25,"column":7},"end":{"line":29,"column":7}},"type":"cond-expr","locations":[{"start":{"line":26,"column":8},"end":{"line":26,"column":68}},{"start":{"line":28,"column":8},"end":{"line":28,"column":49}}],"line":25},"9":{"loc":{"start":{"line":32,"column":7},"end":{"line":37,"column":14}},"type":"cond-expr","locations":[{"start":{"line":34,"column":8},"end":{"line":36,"column":14}},{"start":{"line":37,"column":10},"end":{"line":37,"column":14}}],"line":32},"10":{"loc":{"start":{"line":40,"column":7},"end":{"line":47,"column":7}},"type":"binary-expr","locations":[{"start":{"line":40,"column":7},"end":{"line":40,"column":23}},{"start":{"line":40,"column":27},"end":{"line":40,"column":54}},{"start":{"line":41,"column":8},"end":{"line":46,"column":14}}],"line":40},"11":{"loc":{"start":{"line":44,"column":53},"end":{"line":44,"column":81}},"type":"binary-expr","locations":[{"start":{"line":44,"column":53},"end":{"line":44,"column":66}},{"start":{"line":44,"column":70},"end":{"line":44,"column":76}},{"start":{"line":44,"column":80},"end":{"line":44,"column":81}}],"line":44},"12":{"loc":{"start":{"line":44,"column":84},"end":{"line":44,"column":95}},"type":"binary-expr","locations":[{"start":{"line":44,"column":84},"end":{"line":44,"column":90}},{"start":{"line":44,"column":94},"end":{"line":44,"column":95}}],"line":44},"13":{"loc":{"start":{"line":49,"column":7},"end":{"line":56,"column":7}},"type":"binary-expr","locations":[{"start":{"line":49,"column":7},"end":{"line":49,"column":23}},{"start":{"line":49,"column":27},"end":{"line":49,"column":54}},{"start":{"line":50,"column":8},"end":{"line":55,"column":14}}],"line":49},"14":{"loc":{"start":{"line":53,"column":53},"end":{"line":53,"column":81}},"type":"binary-expr","locations":[{"start":{"line":53,"column":53},"end":{"line":53,"column":66}},{"start":{"line":53,"column":70},"end":{"line":53,"column":76}},{"start":{"line":53,"column":80},"end":{"line":53,"column":81}}],"line":53},"15":{"loc":{"start":{"line":53,"column":84},"end":{"line":53,"column":95}},"type":"binary-expr","locations":[{"start":{"line":53,"column":84},"end":{"line":53,"column":90}},{"start":{"line":53,"column":94},"end":{"line":53,"column":95}}],"line":53}},"s":{"0":0,"1":0,"2":0,"3":0,"4":0,"5":0,"6":0,"7":0,"8":0,"9":0,"10":0,"11":0,"12":0},"f":{"0":0,"1":0,"2":0},"b":{"0":[0,0],"1":[0,0],"2":[0,0],"3":[0,0],"4":[0,0],"5":[0,0,0],"6":[0,0],"7":[0,0],"8":[0,0],"9":[0,0],"10":[0,0,0],"11":[0,0,0],"12":[0,0],"13":[0,0,0],"14":[0,0,0],"15":[0,0]}}
,"/Users/remipierron/Library/CloudStorage/OneDrive-UniversitédePoitiers/S5/dev-web-vcod/nodeExo/src/components/CharactersList.jsx": {"path":"/Users/remipierron/Library/CloudStorage/OneDrive-UniversitédePoitiers/S5/dev-web-vcod/nodeExo/src/components/CharactersList.jsx","statementMap":{"0":{"start":{"line":4,"column":23},"end":{"line":12,"column":1}},"1":{"start":{"line":5,"column":2},"end":{"line":11,"column":7}},"2":{"start":{"line":7,"column":6},"end":{"line":9,"column":11}}},"fnMap":{"0":{"name":"(anonymous_0)","decl":{"start":{"line":4,"column":23},"end":{"line":4,"column":24}},"loc":{"start":{"line":5,"column":2},"end":{"line":11,"column":7}},"line":5},"1":{"name":"(anonymous_1)","decl":{"start":{"line":6,"column":20},"end":{"line":6,"column":21}},"loc":{"start":{"line":7,"column":6},"end":{"line":9,"column":11}},"line":7}},"branchMap":{"0":{"loc":{"start":{"line":4,"column":26},"end":{"line":4,"column":41}},"type":"default-arg","locations":[{"start":{"line":4,"column":39},"end":{"line":4,"column":41}}],"line":4}},"s":{"0":0,"1":0,"2":0},"f":{"0":0,"1":0},"b":{"0":[0]}}
,"/Users/remipierron/Library/CloudStorage/OneDrive-UniversitédePoitiers/S5/dev-web-vcod/nodeExo/src/components/NumberOfCharacters.jsx": {"path":"/Users/remipierron/Library/CloudStorage/OneDrive-UniversitédePoitiers/S5/dev-web-vcod/nodeExo/src/components/NumberOfCharacters.jsx","statementMap":{"0":{"start":{"line":10,"column":2},"end":{"line":12,"column":3}},"1":{"start":{"line":11,"column":4},"end":{"line":11,"column":40}},"2":{"start":{"line":15,"column":2},"end":{"line":15,"column":56}}},"fnMap":{"0":{"name":"NumberOfCharacters","decl":{"start":{"line":8,"column":24},"end":{"line":8,"column":42}},"loc":{"start":{"line":8,"column":64},"end":{"line":16,"column":1}},"line":8}},"branchMap":{"0":{"loc":{"start":{"line":8,"column":45},"end":{"line":8,"column":60}},"type":"default-arg","locations":[{"start":{"line":8,"column":58},"end":{"line":8,"column":60}}],"line":8},"1":{"loc":{"start":{"line":10,"column":2},"end":{"line":12,"column":3}},"type":"if","locations":[{"start":{"line":10,"column":2},"end":{"line":12,"column":3}},{"start":{},"end":{}}],"line":10}},"s":{"0":3,"1":2,"2":1},"f":{"0":3},"b":{"0":[1],"1":[2,1]},"_coverageSchema":"1a1c01bbd47fc00a2c39e90264f33305004495a9","hash":"75fe2ba0b8f426fd2cc80346f8734c631b6fd384"}
,"/Users/remipierron/Library/CloudStorage/OneDrive-UniversitédePoitiers/S5/dev-web-vcod/nodeExo/src/pages/NotFoundPage.jsx": {"path":"/Users/remipierron/Library/CloudStorage/OneDrive-UniversitédePoitiers/S5/dev-web-vcod/nodeExo/src/pages/NotFoundPage.jsx","statementMap":{"0":{"start":{"line":3,"column":21},"end":{"line":14,"column":1}},"1":{"start":{"line":4,"column":2},"end":{"line":6,"column":9}},"2":{"start":{"line":5,"column":4},"end":{"line":5,"column":44}},"3":{"start":{"line":8,"column":2},"end":{"line":13,"column":4}}},"fnMap":{"0":{"name":"(anonymous_0)","decl":{"start":{"line":3,"column":21},"end":{"line":3,"column":22}},"loc":{"start":{"line":3,"column":27},"end":{"line":14,"column":1}},"line":3},"1":{"name":"(anonymous_1)","decl":{"start":{"line":4,"column":12},"end":{"line":4,"column":13}},"loc":{"start":{"line":4,"column":18},"end":{"line":6,"column":3}},"line":4}},"branchMap":{},"s":{"0":0,"1":0,"2":0,"3":0},"f":{"0":0,"1":0},"b":{}}
,"/Users/remipierron/Library/CloudStorage/OneDrive-UniversitédePoitiers/S5/dev-web-vcod/nodeExo/src/pages/about.jsx": {"path":"/Users/remipierron/Library/CloudStorage/OneDrive-UniversitédePoitiers/S5/dev-web-vcod/nodeExo/src/pages/about.jsx","statementMap":{"0":{"start":{"line":4,"column":2},"end":{"line":9,"column":4}}},"fnMap":{"0":{"name":"AboutPage","decl":{"start":{"line":3,"column":24},"end":{"line":3,"column":33}},"loc":{"start":{"line":3,"column":36},"end":{"line":10,"column":1}},"line":3}},"branchMap":{},"s":{"0":0},"f":{"0":0},"b":{}}
,"/Users/remipierron/Library/CloudStorage/OneDrive-UniversitédePoitiers/S5/dev-web-vcod/nodeExo/src/pages/aboutPage.jsx": {"path":"/Users/remipierron/Library/CloudStorage/OneDrive-UniversitédePoitiers/S5/dev-web-vcod/nodeExo/src/pages/aboutPage.jsx","statementMap":{"0":{"start":{"line":4,"column":2},"end":{"line":6,"column":9}},"1":{"start":{"line":5,"column":4},"end":{"line":5,"column":34}},"2":{"start":{"line":8,"column":2},"end":{"line":13,"column":4}}},"fnMap":{"0":{"name":"AboutPage","decl":{"start":{"line":3,"column":9},"end":{"line":3,"column":18}},"loc":{"start":{"line":3,"column":21},"end":{"line":14,"column":1}},"line":3},"1":{"name":"(anonymous_1)","decl":{"start":{"line":4,"column":12},"end":{"line":4,"column":13}},"loc":{"start":{"line":4,"column":18},"end":{"line":6,"column":3}},"line":4}},"branchMap":{},"s":{"0":0,"1":0,"2":0},"f":{"0":0,"1":0},"b":{}}
,"/Users/remipierron/Library/CloudStorage/OneDrive-UniversitédePoitiers/S5/dev-web-vcod/nodeExo/src/pages/character.jsx": {"path":"/Users/remipierron/Library/CloudStorage/OneDrive-UniversitédePoitiers/S5/dev-web-vcod/nodeExo/src/pages/character.jsx","statementMap":{"0":{"start":{"line":6,"column":22},"end":{"line":43,"column":1}},"1":{"start":{"line":7,"column":17},"end":{"line":7,"column":28}},"2":{"start":{"line":8,"column":36},"end":{"line":8,"column":50}},"3":{"start":{"line":9,"column":32},"end":{"line":9,"column":46}},"4":{"start":{"line":11,"column":2},"end":{"line":19,"column":11}},"5":{"start":{"line":12,"column":18},"end":{"line":12,"column":22}},"6":{"start":{"line":13,"column":4},"end":{"line":13,"column":21}},"7":{"start":{"line":14,"column":4},"end":{"line":17,"column":58}},"8":{"start":{"line":15,"column":22},"end":{"line":15,"column":54}},"9":{"start":{"line":15,"column":35},"end":{"line":15,"column":54}},"10":{"start":{"line":16,"column":22},"end":{"line":16,"column":70}},"11":{"start":{"line":17,"column":23},"end":{"line":17,"column":54}},"12":{"start":{"line":17,"column":36},"end":{"line":17,"column":54}},"13":{"start":{"line":18,"column":4},"end":{"line":18,"column":38}},"14":{"start":{"line":18,"column":19},"end":{"line":18,"column":35}},"15":{"start":{"line":21,"column":2},"end":{"line":23,"column":18}},"16":{"start":{"line":22,"column":4},"end":{"line":22,"column":93}},"17":{"start":{"line":25,"column":2},"end":{"line":25,"column":44}},"18":{"start":{"line":25,"column":15},"end":{"line":25,"column":44}},"19":{"start":{"line":26,"column":2},"end":{"line":33,"column":3}},"20":{"start":{"line":27,"column":4},"end":{"line":32,"column":6}},"21":{"start":{"line":35,"column":2},"end":{"line":42,"column":4}}},"fnMap":{"0":{"name":"(anonymous_0)","decl":{"start":{"line":6,"column":22},"end":{"line":6,"column":23}},"loc":{"start":{"line":6,"column":28},"end":{"line":43,"column":1}},"line":6},"1":{"name":"(anonymous_1)","decl":{"start":{"line":11,"column":12},"end":{"line":11,"column":13}},"loc":{"start":{"line":11,"column":18},"end":{"line":19,"column":3}},"line":11},"2":{"name":"(anonymous_2)","decl":{"start":{"line":15,"column":12},"end":{"line":15,"column":13}},"loc":{"start":{"line":15,"column":20},"end":{"line":15,"column":56}},"line":15},"3":{"name":"(anonymous_3)","decl":{"start":{"line":16,"column":13},"end":{"line":16,"column":14}},"loc":{"start":{"line":16,"column":20},"end":{"line":16,"column":72}},"line":16},"4":{"name":"(anonymous_4)","decl":{"start":{"line":17,"column":15},"end":{"line":17,"column":16}},"loc":{"start":{"line":17,"column":21},"end":{"line":17,"column":56}},"line":17},"5":{"name":"(anonymous_5)","decl":{"start":{"line":18,"column":11},"end":{"line":18,"column":12}},"loc":{"start":{"line":18,"column":17},"end":{"line":18,"column":37}},"line":18},"6":{"name":"(anonymous_6)","decl":{"start":{"line":21,"column":12},"end":{"line":21,"column":13}},"loc":{"start":{"line":21,"column":18},"end":{"line":23,"column":3}},"line":21}},"branchMap":{"0":{"loc":{"start":{"line":15,"column":22},"end":{"line":15,"column":54}},"type":"if","locations":[{"start":{"line":15,"column":22},"end":{"line":15,"column":54}},{"start":{},"end":{}}],"line":15},"1":{"loc":{"start":{"line":17,"column":23},"end":{"line":17,"column":54}},"type":"if","locations":[{"start":{"line":17,"column":23},"end":{"line":17,"column":54}},{"start":{},"end":{}}],"line":17},"2":{"loc":{"start":{"line":22,"column":21},"end":{"line":22,"column":92}},"type":"cond-expr","locations":[{"start":{"line":22,"column":33},"end":{"line":22,"column":65}},{"start":{"line":22,"column":68},"end":{"line":22,"column":92}}],"line":22},"3":{"loc":{"start":{"line":25,"column":2},"end":{"line":25,"column":44}},"type":"if","locations":[{"start":{"line":25,"column":2},"end":{"line":25,"column":44}},{"start":{},"end":{}}],"line":25},"4":{"loc":{"start":{"line":26,"column":2},"end":{"line":33,"column":3}},"type":"if","locations":[{"start":{"line":26,"column":2},"end":{"line":33,"column":3}},{"start":{},"end":{}}],"line":26}},"s":{"0":0,"1":0,"2":0,"3":0,"4":0,"5":0,"6":0,"7":0,"8":0,"9":0,"10":0,"11":0,"12":0,"13":0,"14":0,"15":0,"16":0,"17":0,"18":0,"19":0,"20":0,"21":0},"f":{"0":0,"1":0,"2":0,"3":0,"4":0,"5":0,"6":0},"b":{"0":[0,0],"1":[0,0],"2":[0,0],"3":[0,0],"4":[0,0]}}
,"/Users/remipierron/Library/CloudStorage/OneDrive-UniversitédePoitiers/S5/dev-web-vcod/nodeExo/src/pages/characters.jsx": {"path":"/Users/remipierron/Library/CloudStorage/OneDrive-UniversitédePoitiers/S5/dev-web-vcod/nodeExo/src/pages/characters.jsx","statementMap":{"0":{"start":{"line":6,"column":23},"end":{"line":35,"column":1}},"1":{"start":{"line":7,"column":2},"end":{"line":9,"column":9}},"2":{"start":{"line":8,"column":4},"end":{"line":8,"column":47}},"3":{"start":{"line":11,"column":38},"end":{"line":11,"column":50}},"4":{"start":{"line":13,"column":2},"end":{"line":25,"column":9}},"5":{"start":{"line":14,"column":18},"end":{"line":14,"column":22}},"6":{"start":{"line":15,"column":4},"end":{"line":21,"column":9}},"7":{"start":{"line":17,"column":8},"end":{"line":17,"column":64}},"8":{"start":{"line":17,"column":44},"end":{"line":17,"column":64}},"9":{"start":{"line":20,"column":8},"end":{"line":20,"column":57}},"10":{"start":{"line":22,"column":4},"end":{"line":24,"column":6}},"11":{"start":{"line":23,"column":6},"end":{"line":23,"column":22}},"12":{"start":{"line":27,"column":2},"end":{"line":34,"column":4}}},"fnMap":{"0":{"name":"(anonymous_0)","decl":{"start":{"line":6,"column":23},"end":{"line":6,"column":24}},"loc":{"start":{"line":6,"column":29},"end":{"line":35,"column":1}},"line":6},"1":{"name":"(anonymous_1)","decl":{"start":{"line":7,"column":12},"end":{"line":7,"column":13}},"loc":{"start":{"line":7,"column":18},"end":{"line":9,"column":3}},"line":7},"2":{"name":"(anonymous_2)","decl":{"start":{"line":13,"column":12},"end":{"line":13,"column":13}},"loc":{"start":{"line":13,"column":18},"end":{"line":25,"column":3}},"line":13},"3":{"name":"(anonymous_3)","decl":{"start":{"line":16,"column":12},"end":{"line":16,"column":13}},"loc":{"start":{"line":16,"column":20},"end":{"line":18,"column":7}},"line":16},"4":{"name":"(anonymous_4)","decl":{"start":{"line":19,"column":13},"end":{"line":19,"column":14}},"loc":{"start":{"line":19,"column":20},"end":{"line":21,"column":7}},"line":19},"5":{"name":"(anonymous_5)","decl":{"start":{"line":22,"column":11},"end":{"line":22,"column":12}},"loc":{"start":{"line":22,"column":17},"end":{"line":24,"column":5}},"line":22}},"branchMap":{"0":{"loc":{"start":{"line":17,"column":8},"end":{"line":17,"column":64}},"type":"if","locations":[{"start":{"line":17,"column":8},"end":{"line":17,"column":64}},{"start":{},"end":{}}],"line":17},"1":{"loc":{"start":{"line":17,"column":12},"end":{"line":17,"column":42}},"type":"binary-expr","locations":[{"start":{"line":17,"column":12},"end":{"line":17,"column":19}},{"start":{"line":17,"column":23},"end":{"line":17,"column":42}}],"line":17}},"s":{"0":0,"1":0,"2":0,"3":0,"4":0,"5":0,"6":0,"7":0,"8":0,"9":0,"10":0,"11":0,"12":0},"f":{"0":0,"1":0,"2":0,"3":0,"4":0,"5":0},"b":{"0":[0,0],"1":[0,0]}}
,"/Users/remipierron/Library/CloudStorage/OneDrive-UniversitédePoitiers/S5/dev-web-vcod/nodeExo/src/pages/contact.jsx": {"path":"/Users/remipierron/Library/CloudStorage/OneDrive-UniversitédePoitiers/S5/dev-web-vcod/nodeExo/src/pages/contact.jsx","statementMap":{"0":{"start":{"line":4,"column":2},"end":{"line":9,"column":4}}},"fnMap":{"0":{"name":"ContactPage","decl":{"start":{"line":3,"column":24},"end":{"line":3,"column":35}},"loc":{"start":{"line":3,"column":38},"end":{"line":10,"column":1}},"line":3}},"branchMap":{},"s":{"0":0},"f":{"0":0},"b":{}}
,"/Users/remipierron/Library/CloudStorage/OneDrive-UniversitédePoitiers/S5/dev-web-vcod/nodeExo/src/pages/contactPage.jsx": {"path":"/Users/remipierron/Library/CloudStorage/OneDrive-UniversitédePoitiers/S5/dev-web-vcod/nodeExo/src/pages/contactPage.jsx","statementMap":{"0":{"start":{"line":4,"column":2},"end":{"line":6,"column":9}},"1":{"start":{"line":5,"column":4},"end":{"line":5,"column":36}},"2":{"start":{"line":8,"column":2},"end":{"line":15,"column":4}}},"fnMap":{"0":{"name":"ContactPage","decl":{"start":{"line":3,"column":9},"end":{"line":3,"column":20}},"loc":{"start":{"line":3,"column":23},"end":{"line":16,"column":1}},"line":3},"1":{"name":"(anonymous_1)","decl":{"start":{"line":4,"column":12},"end":{"line":4,"column":13}},"loc":{"start":{"line":4,"column":18},"end":{"line":6,"column":3}},"line":4}},"branchMap":{},"s":{"0":0,"1":0,"2":0},"f":{"0":0,"1":0},"b":{}}
,"/Users/remipierron/Library/CloudStorage/OneDrive-UniversitédePoitiers/S5/dev-web-vcod/nodeExo/src/pages/index.js": {"path":"/Users/remipierron/Library/CloudStorage/OneDrive-UniversitédePoitiers/S5/dev-web-vcod/nodeExo/src/pages/index.js","statementMap":{},"fnMap":{},"branchMap":{},"s":{},"f":{},"b":{}}
}
