{"/Users/remipierron/Library/CloudStorage/OneDrive-UniversitédePoitiers/S5/dev-web-vcod/nodeExo/src/api/characters-api.js": {"path":"/Users/remipierron/Library/CloudStorage/OneDrive-UniversitédePoitiers/S5/dev-web-vcod/nodeExo/src/api/characters-api.js","statementMap":{"0":{"start":{"line":9,"column":29},"end":{"line":11,"column":1}},"1":{"start":{"line":10,"column":2},"end":{"line":10,"column":20}},"2":{"start":{"line":18,"column":32},"end":{"line":24,"column":1}},"3":{"start":{"line":19,"column":20},"end":{"line":19,"column":69}},"4":{"start":{"line":19,"column":49},"end":{"line":19,"column":68}},"5":{"start":{"line":20,"column":2},"end":{"line":22,"column":3}},"6":{"start":{"line":21,"column":4},"end":{"line":21,"column":57}},"7":{"start":{"line":23,"column":2},"end":{"line":23,"column":19}}},"fnMap":{"0":{"name":"(anonymous_0)","decl":{"start":{"line":9,"column":29},"end":{"line":9,"column":30}},"loc":{"start":{"line":9,"column":41},"end":{"line":11,"column":1}},"line":9},"1":{"name":"(anonymous_1)","decl":{"start":{"line":18,"column":32},"end":{"line":18,"column":33}},"loc":{"start":{"line":18,"column":46},"end":{"line":24,"column":1}},"line":18},"2":{"name":"(anonymous_2)","decl":{"start":{"line":19,"column":36},"end":{"line":19,"column":37}},"loc":{"start":{"line":19,"column":49},"end":{"line":19,"column":68}},"line":19}},"branchMap":{"0":{"loc":{"start":{"line":20,"column":2},"end":{"line":22,"column":3}},"type":"if","locations":[{"start":{"line":20,"column":2},"end":{"line":22,"column":3}},{"start":{},"end":{}}],"line":20}},"s":{"0":1,"1":3,"2":1,"3":3,"4":4,"5":3,"6":1,"7":2},"f":{"0":3,"1":3,"2":4},"b":{"0":[1,2]},"_coverageSchema":"1a1c01bbd47fc00a2c39e90264f33305004495a9","hash":"0077ec70d1463ba4a6ffca6d368f802b80334511"}
}
